<?xml version="1.0" encoding="UTF-8"?>
<testng-results ignored="0" total="1" passed="1" failed="0" skipped="0">
  <reporter-output>
  </reporter-output>
  <suite started-at="2023-06-30T16:50:26 IST" name="Default suite" finished-at="2023-06-30T16:53:16 IST" duration-ms="169410">
    <groups>
    </groups>
    <test started-at="2023-06-30T16:50:26 IST" name="Default test" finished-at="2023-06-30T16:53:16 IST" duration-ms="169410">
      <class name="test.Lulutest">
        <test-method is-config="true" signature="setup()[pri:0, instance:test.Lulutest@74751b3]" started-at="2023-06-30T16:50:26 IST" name="setup" finished-at="2023-06-30T16:50:48 IST" duration-ms="22280" status="PASS">
          <reporter-output>
          </reporter-output>
        </test-method> <!-- setup -->
        <test-method signature="fliptest()[pri:0, instance:test.Lulutest@74751b3]" started-at="2023-06-30T16:50:48 IST" name="fliptest" finished-at="2023-06-30T16:53:15 IST" duration-ms="146987" status="PASS">
          <reporter-output>
          </reporter-output>
        </test-method> <!-- fliptest -->
      </class> <!-- test.Lulutest -->
    </test> <!-- Default test -->
  </suite> <!-- Default suite -->
</testng-results>
